<?xml version="1.0" encoding="UTF-8"?>
<robot generator="Robot 3.2.2 (Python 3.8.6 on win32)" generated="20201211 11:17:17.904" rpa="false">
<suite id="s1" name="World-Vision-Web" source="D:\TestLeaf\Maven\World-Vision-Web">
<suite id="s1-s1" name="LoginAlerts" source="D:\TestLeaf\Maven\World-Vision-Web\LoginAlerts.robot">
<test id="s1-s1-t1" name="Login to capture username and password alert">
<kw name="Open Worldvision">
<kw name="Open Application" library="AppiumLibrary">
<doc>Opens a new application to given Appium server.
Capabilities of appium server, Android and iOS,
Please check https://github.com/appium/appium/blob/master/docs/en/writing-running-appium/server-args.md
| *Option*            | *Man.* | *Description*     |
| remote_url          | Yes    | Appium server url |
| alias               | no     | alias             |</doc>
<arguments>
<arg>${REMOTE_URL}</arg>
<arg>platformName=${PLATFORM_NAME}</arg>
<arg>platformVersion=${PLATFORM_VERSION}</arg>
<arg>deviceName=${DEVICE_NAME}</arg>
<arg>automationName=UiAutomator2</arg>
<arg>newCommandTimeout=2500</arg>
<arg>appActivity=${Activity_NAME}</arg>
<arg>appPackage=${PACKAGE_NAME}</arg>
</arguments>
<status status="PASS" starttime="20201211 11:17:18.248" endtime="20201211 11:17:34.641"></status>
</kw>
<status status="PASS" starttime="20201211 11:17:18.247" endtime="20201211 11:17:34.642"></status>
</kw>
<kw name="Wait Until Element Is Visible" library="AppiumLibrary">
<doc>Waits until element specified with `locator` is visible.</doc>
<arguments>
<arg>xpath=//android.view.View[contains(@text,'Skip')]</arg>
<arg>20s</arg>
</arguments>
<status status="PASS" starttime="20201211 11:17:34.644" endtime="20201211 11:17:43.679"></status>
</kw>
<kw name="Click Element" library="AppiumLibrary">
<doc>Click element identified by `locator`.</doc>
<arguments>
<arg>xpath=//android.view.View[contains(@text,'Skip')]</arg>
</arguments>
<msg timestamp="20201211 11:17:43.683" level="INFO">Clicking element 'xpath=//android.view.View[contains(@text,'Skip')]'.</msg>
<status status="PASS" starttime="20201211 11:17:43.680" endtime="20201211 11:17:44.022"></status>
</kw>
<kw name="Wait Until Element Is Visible" library="AppiumLibrary">
<doc>Waits until element specified with `locator` is visible.</doc>
<arguments>
<arg>xpath=(//*[@class='android.widget.EditText'])[1]</arg>
<arg>20s</arg>
</arguments>
<status status="PASS" starttime="20201211 11:17:44.022" endtime="20201211 11:17:45.780"></status>
</kw>
<kw name="Click Element" library="AppiumLibrary">
<doc>Click element identified by `locator`.</doc>
<arguments>
<arg>xpath=(//*[@class='android.widget.EditText'])[1]</arg>
</arguments>
<msg timestamp="20201211 11:17:45.784" level="INFO">Clicking element 'xpath=(//*[@class='android.widget.EditText'])[1]'.</msg>
<status status="PASS" starttime="20201211 11:17:45.781" endtime="20201211 11:17:46.326"></status>
</kw>
<kw name="Click Element" library="AppiumLibrary">
<doc>Click element identified by `locator`.</doc>
<arguments>
<arg>xpath=//android.widget.Button[contains(@text,'LOGIN')]</arg>
</arguments>
<msg timestamp="20201211 11:17:46.330" level="INFO">Clicking element 'xpath=//android.widget.Button[contains(@text,'LOGIN')]'.</msg>
<status status="PASS" starttime="20201211 11:17:46.326" endtime="20201211 11:17:47.873"></status>
</kw>
<kw name="Wait Until Page Contains Element" library="AppiumLibrary">
<doc>Waits until element specified with `locator` appears on current page.</doc>
<arguments>
<arg>xpath=//android.view.View[contains(@text,'Username is required!')]</arg>
<arg>15s</arg>
</arguments>
<status status="PASS" starttime="20201211 11:17:47.874" endtime="20201211 11:17:49.801"></status>
</kw>
<kw name="Get Text" library="AppiumLibrary">
<doc>Get element text (for hybrid and mobile browser use `xpath` locator, others might cause problem)</doc>
<arguments>
<arg>xpath=//android.view.View[contains(@text,'Username is required!')]</arg>
</arguments>
<assign>
<var>${USER_ERROR}</var>
</assign>
<msg timestamp="20201211 11:17:50.261" level="INFO">Element 'xpath=//android.view.View[contains(@text,'Username is required!')]' text is 'Username is required!' </msg>
<msg timestamp="20201211 11:17:50.262" level="INFO">${USER_ERROR} = Username is required!</msg>
<status status="PASS" starttime="20201211 11:17:49.802" endtime="20201211 11:17:50.262"></status>
</kw>
<kw name="Log To Console" library="BuiltIn">
<doc>Logs the given message to the console.</doc>
<arguments>
<arg>${USER_ERROR}</arg>
</arguments>
<status status="PASS" starttime="20201211 11:17:50.263" endtime="20201211 11:17:50.264"></status>
</kw>
<kw name="Input Text" library="AppiumLibrary">
<doc>Types the given `text` into text field identified by `locator`.</doc>
<arguments>
<arg>xpath=(//*[@class='android.widget.EditText'])[1]</arg>
<arg>${USERNAME}</arg>
</arguments>
<msg timestamp="20201211 11:17:50.269" level="INFO">Typing text 'kumaran.xera@yopmail.com' into text field 'xpath=(//*[@class='android.widget.EditText'])[1]'</msg>
<status status="PASS" starttime="20201211 11:17:50.265" endtime="20201211 11:17:50.679"></status>
</kw>
<kw name="Input Password" library="AppiumLibrary">
<doc>Types the given password into text field identified by `locator`.</doc>
<arguments>
<arg>xpath=(//*[@class='android.widget.EditText'])[2]</arg>
<arg>${PASSWORD}</arg>
</arguments>
<msg timestamp="20201211 11:17:50.683" level="INFO">Typing password into text field 'xpath=(//*[@class='android.widget.EditText'])[2]'</msg>
<status status="PASS" starttime="20201211 11:17:50.680" endtime="20201211 11:17:51.807"></status>
</kw>
<kw name="Clear Text" library="AppiumLibrary">
<doc>Clears the text field identified by `locator`.</doc>
<arguments>
<arg>xpath=(//*[@class='android.widget.EditText'])[2]</arg>
</arguments>
<msg timestamp="20201211 11:17:51.811" level="INFO">Clear text field 'xpath=(//*[@class='android.widget.EditText'])[2]'</msg>
<status status="PASS" starttime="20201211 11:17:51.808" endtime="20201211 11:17:52.402"></status>
</kw>
<kw name="Click Element" library="AppiumLibrary">
<doc>Click element identified by `locator`.</doc>
<arguments>
<arg>xpath=(//*[@class='android.widget.EditText'])[2]</arg>
</arguments>
<msg timestamp="20201211 11:17:52.406" level="INFO">Clicking element 'xpath=(//*[@class='android.widget.EditText'])[2]'.</msg>
<status status="PASS" starttime="20201211 11:17:52.403" endtime="20201211 11:17:53.060"></status>
</kw>
<kw name="Click Element" library="AppiumLibrary">
<doc>Click element identified by `locator`.</doc>
<arguments>
<arg>xpath=//android.widget.Button[contains(@text,'LOGIN')]</arg>
</arguments>
<msg timestamp="20201211 11:17:53.064" level="INFO">Clicking element 'xpath=//android.widget.Button[contains(@text,'LOGIN')]'.</msg>
<status status="PASS" starttime="20201211 11:17:53.060" endtime="20201211 11:17:54.279"></status>
</kw>
<kw name="Wait Until Page Contains Element" library="AppiumLibrary">
<doc>Waits until element specified with `locator` appears on current page.</doc>
<arguments>
<arg>xpath=//android.view.View[contains(@text,'Password is required!')]</arg>
<arg>15s</arg>
</arguments>
<status status="PASS" starttime="20201211 11:17:54.280" endtime="20201211 11:17:55.364"></status>
</kw>
<kw name="Get Text" library="AppiumLibrary">
<doc>Get element text (for hybrid and mobile browser use `xpath` locator, others might cause problem)</doc>
<arguments>
<arg>xpath=//android.view.View[contains(@text,'Password is required!')]</arg>
</arguments>
<assign>
<var>${PASS_ERROR}</var>
</assign>
<msg timestamp="20201211 11:17:55.984" level="INFO">Element 'xpath=//android.view.View[contains(@text,'Password is required!')]' text is 'Password is required!' </msg>
<msg timestamp="20201211 11:17:55.985" level="INFO">${PASS_ERROR} = Password is required!</msg>
<status status="PASS" starttime="20201211 11:17:55.365" endtime="20201211 11:17:55.985"></status>
</kw>
<kw name="Log To Console" library="BuiltIn">
<doc>Logs the given message to the console.</doc>
<arguments>
<arg>${PASS_ERROR}</arg>
</arguments>
<status status="PASS" starttime="20201211 11:17:55.985" endtime="20201211 11:17:55.987"></status>
</kw>
<kw name="Sleep" library="BuiltIn">
<doc>Pauses the test executed for the given time.</doc>
<arguments>
<arg>15s</arg>
</arguments>
<msg timestamp="20201211 11:18:10.988" level="INFO">Slept 15 seconds</msg>
<status status="PASS" starttime="20201211 11:17:55.987" endtime="20201211 11:18:10.991"></status>
</kw>
<kw name="Close Application" library="AppiumLibrary">
<doc>Closes the current application and also close webdriver session.</doc>
<status status="PASS" starttime="20201211 11:18:10.995" endtime="20201211 11:18:12.364"></status>
</kw>
<kw name="Open Worldvision" type="teardown">
<kw name="Open Application" library="AppiumLibrary">
<doc>Opens a new application to given Appium server.
Capabilities of appium server, Android and iOS,
Please check https://github.com/appium/appium/blob/master/docs/en/writing-running-appium/server-args.md
| *Option*            | *Man.* | *Description*     |
| remote_url          | Yes    | Appium server url |
| alias               | no     | alias             |</doc>
<arguments>
<arg>${REMOTE_URL}</arg>
<arg>platformName=${PLATFORM_NAME}</arg>
<arg>platformVersion=${PLATFORM_VERSION}</arg>
<arg>deviceName=${DEVICE_NAME}</arg>
<arg>automationName=UiAutomator2</arg>
<arg>newCommandTimeout=2500</arg>
<arg>appActivity=${Activity_NAME}</arg>
<arg>appPackage=${PACKAGE_NAME}</arg>
</arguments>
<status status="PASS" starttime="20201211 11:18:12.366" endtime="20201211 11:18:26.099"></status>
</kw>
<status status="PASS" starttime="20201211 11:18:12.365" endtime="20201211 11:18:26.100"></status>
</kw>
<status status="PASS" starttime="20201211 11:17:18.245" endtime="20201211 11:18:26.100" critical="yes"></status>
</test>
<status status="PASS" starttime="20201211 11:17:17.985" endtime="20201211 11:18:26.102"></status>
</suite>
<status status="PASS" starttime="20201211 11:17:17.953" endtime="20201211 11:18:26.108"></status>
</suite>
<statistics>
<total>
<stat pass="1" fail="0">Critical Tests</stat>
<stat pass="1" fail="0">All Tests</stat>
</total>
<tag>
</tag>
<suite>
<stat pass="1" fail="0" id="s1" name="World-Vision-Web">World-Vision-Web</stat>
<stat pass="1" fail="0" id="s1-s1" name="LoginAlerts">World-Vision-Web.LoginAlerts</stat>
</suite>
</statistics>
<errors>
</errors>
</robot>
